-------------------------------------------------------------------------------
Test set: TestSuite
-------------------------------------------------------------------------------
Tests run: 3, Failures: 1, Errors: 0, Skipped: 1, Time elapsed: 33.068 s <<< FAILURE! - in TestSuite
loginTest(allureReports.Tests)  Time elapsed: 8.516 s  <<< FAILURE!
java.lang.AssertionError: expected [nopCommerce demo store123] but found [nopCommerce demo store]
	at allureReports.Tests.loginTest(Tests.java:60)

